{"contracts/InvestmentPool.sol":{"l":{"24":3,"25":3,"27":3,"28":3,"29":3,"31":3,"36":0,"37":0,"39":0,"40":0,"41":0,"45":0,"46":0,"50":0,"55":0,"56":0,"57":0,"62":0,"63":0,"67":0,"71":0,"75":0},"path":"/Users/blundin/Developer/ethereum/ExperimenDAO/Contracts/contracts/InvestmentPool.sol","s":{"1":3,"2":3,"3":3,"4":3,"5":3,"6":3,"7":0,"8":0,"9":0,"10":0,"11":0,"12":0,"13":0,"14":0,"15":0,"16":0,"17":0,"18":0,"19":0,"20":0},"b":{"1":[0,0],"2":[0,0]},"f":{"1":3,"2":0,"3":0,"4":0,"5":0,"6":0,"7":0,"8":0,"9":0},"fnMap":{"1":{"name":"constructor","line":23,"loc":{"start":{"line":23,"column":2},"end":{"line":32,"column":2}}},"2":{"name":"addFounder","line":35,"loc":{"start":{"line":35,"column":2},"end":{"line":42,"column":2}}},"3":{"name":"onlyFounder","line":44,"loc":{"start":{"line":44,"column":2},"end":{"line":47,"column":2}}},"4":{"name":"isFounder","line":49,"loc":{"start":{"line":49,"column":2},"end":{"line":51,"column":2}}},"5":{"name":"addMember","line":54,"loc":{"start":{"line":54,"column":2},"end":{"line":58,"column":2}}},"6":{"name":"onlyAdmin","line":61,"loc":{"start":{"line":61,"column":2},"end":{"line":64,"column":2}}},"7":{"name":"isAdmin","line":66,"loc":{"start":{"line":66,"column":2},"end":{"line":68,"column":2}}},"8":{"name":"addAdmin","line":70,"loc":{"start":{"line":70,"column":2},"end":{"line":72,"column":2}}},"9":{"name":"renounceAdmin","line":74,"loc":{"start":{"line":74,"column":2},"end":{"line":76,"column":2}}}},"statementMap":{"1":{"start":{"line":24,"column":4},"end":{"line":24,"column":45}},"2":{"start":{"line":25,"column":4},"end":{"line":25,"column":32}},"3":{"start":{"line":27,"column":4},"end":{"line":27,"column":43}},"4":{"start":{"line":28,"column":4},"end":{"line":28,"column":32}},"5":{"start":{"line":29,"column":4},"end":{"line":29,"column":31}},"6":{"start":{"line":31,"column":4},"end":{"line":31,"column":23}},"7":{"start":{"line":36,"column":4},"end":{"line":36,"column":34}},"8":{"start":{"line":37,"column":4},"end":{"line":37,"column":30}},"9":{"start":{"line":39,"column":4},"end":{"line":39,"column":33}},"10":{"start":{"line":40,"column":4},"end":{"line":40,"column":57}},"11":{"start":{"line":41,"column":4},"end":{"line":41,"column":29}},"12":{"start":{"line":45,"column":4},"end":{"line":45,"column":85}},"13":{"start":{"line":50,"column":4},"end":{"line":50,"column":57}},"14":{"start":{"line":55,"column":4},"end":{"line":55,"column":32}},"15":{"start":{"line":56,"column":4},"end":{"line":56,"column":56}},"16":{"start":{"line":57,"column":4},"end":{"line":57,"column":28}},"17":{"start":{"line":62,"column":4},"end":{"line":62,"column":56}},"18":{"start":{"line":67,"column":4},"end":{"line":67,"column":34}},"19":{"start":{"line":71,"column":4},"end":{"line":71,"column":29}},"20":{"start":{"line":75,"column":4},"end":{"line":75,"column":34}}},"branchMap":{"1":{"line":45,"type":"if","locations":[{"start":{"line":45,"column":4},"end":{"line":45,"column":4}},{"start":{"line":45,"column":4},"end":{"line":45,"column":4}}]},"2":{"line":62,"type":"if","locations":[{"start":{"line":62,"column":4},"end":{"line":62,"column":4}},{"start":{"line":62,"column":4},"end":{"line":62,"column":4}}]}}},"contracts/tokens/ExperimenDAOToken.sol":{"l":{"21":3,"22":3,"26":1,"27":0,"30":1,"31":1,"35":0,"42":3,"43":3},"path":"/Users/blundin/Developer/ethereum/ExperimenDAO/Contracts/contracts/tokens/ExperimenDAOToken.sol","s":{"1":3,"2":3,"3":1,"4":0,"5":1,"6":1,"7":0,"8":3,"9":3},"b":{"1":[0,1],"2":[3,0]},"f":{"1":3,"2":1,"3":0,"4":3},"fnMap":{"1":{"name":"constructor","line":20,"loc":{"start":{"line":20,"column":2},"end":{"line":23,"column":2}}},"2":{"name":"setInvestmentPool","line":25,"loc":{"start":{"line":25,"column":2},"end":{"line":32,"column":2}}},"3":{"name":"getInvestmentPool","line":34,"loc":{"start":{"line":34,"column":2},"end":{"line":36,"column":2}}},"4":{"name":"_beforeTokenTransfer","line":41,"loc":{"start":{"line":41,"column":2},"end":{"line":44,"column":2}}}},"statementMap":{"1":{"start":{"line":21,"column":4},"end":{"line":21,"column":38}},"2":{"start":{"line":22,"column":4},"end":{"line":22,"column":47}},"3":{"start":{"line":26,"column":4},"end":{"line":26,"column":894}},"4":{"start":{"line":27,"column":6},"end":{"line":27,"column":61}},"5":{"start":{"line":30,"column":4},"end":{"line":30,"column":50}},"6":{"start":{"line":31,"column":4},"end":{"line":31,"column":58}},"7":{"start":{"line":35,"column":4},"end":{"line":35,"column":34}},"8":{"start":{"line":42,"column":4},"end":{"line":42,"column":47}},"9":{"start":{"line":43,"column":4},"end":{"line":43,"column":57}}},"branchMap":{"1":{"line":26,"type":"if","locations":[{"start":{"line":26,"column":4},"end":{"line":26,"column":4}},{"start":{"line":26,"column":4},"end":{"line":26,"column":4}}]},"2":{"line":43,"type":"if","locations":[{"start":{"line":43,"column":4},"end":{"line":43,"column":4}},{"start":{"line":43,"column":4},"end":{"line":43,"column":4}}]}}}}