{"contracts/InvestmentPool.sol":{"l":{"24":3,"25":3,"26":3,"28":3,"30":3,"35":0,"36":0,"41":0,"42":0,"46":0,"51":0,"52":0,"57":0,"58":0,"62":0,"66":0,"70":0},"path":"/Users/blundin/Developer/ethereum/ExperimenDAO/Contracts/contracts/InvestmentPool.sol","s":{"1":3,"2":3,"3":3,"4":3,"5":3,"6":0,"7":0,"8":0,"9":0,"10":0,"11":0,"12":0,"13":0,"14":0,"15":0},"b":{"1":[0,0],"2":[0,0]},"f":{"1":3,"2":0,"3":0,"4":0,"5":0,"6":0,"7":0,"8":0,"9":0},"fnMap":{"1":{"name":"constructor","line":23,"loc":{"start":{"line":23,"column":2},"end":{"line":31,"column":2}}},"2":{"name":"addFounder","line":34,"loc":{"start":{"line":34,"column":2},"end":{"line":38,"column":2}}},"3":{"name":"onlyFounder","line":40,"loc":{"start":{"line":40,"column":2},"end":{"line":43,"column":2}}},"4":{"name":"isFounder","line":45,"loc":{"start":{"line":45,"column":2},"end":{"line":47,"column":2}}},"5":{"name":"addMember","line":50,"loc":{"start":{"line":50,"column":2},"end":{"line":53,"column":2}}},"6":{"name":"onlyAdmin","line":56,"loc":{"start":{"line":56,"column":2},"end":{"line":59,"column":2}}},"7":{"name":"isAdmin","line":61,"loc":{"start":{"line":61,"column":2},"end":{"line":63,"column":2}}},"8":{"name":"addAdmin","line":65,"loc":{"start":{"line":65,"column":2},"end":{"line":67,"column":2}}},"9":{"name":"renounceAdmin","line":69,"loc":{"start":{"line":69,"column":2},"end":{"line":71,"column":2}}}},"statementMap":{"1":{"start":{"line":24,"column":4},"end":{"line":24,"column":45}},"2":{"start":{"line":25,"column":4},"end":{"line":25,"column":43}},"3":{"start":{"line":26,"column":4},"end":{"line":26,"column":32}},"4":{"start":{"line":28,"column":4},"end":{"line":28,"column":32}},"5":{"start":{"line":30,"column":4},"end":{"line":30,"column":23}},"6":{"start":{"line":35,"column":4},"end":{"line":35,"column":34}},"7":{"start":{"line":36,"column":4},"end":{"line":36,"column":30}},"8":{"start":{"line":41,"column":4},"end":{"line":41,"column":85}},"9":{"start":{"line":46,"column":4},"end":{"line":46,"column":57}},"10":{"start":{"line":51,"column":4},"end":{"line":51,"column":32}},"11":{"start":{"line":52,"column":4},"end":{"line":52,"column":56}},"12":{"start":{"line":57,"column":4},"end":{"line":57,"column":56}},"13":{"start":{"line":62,"column":4},"end":{"line":62,"column":34}},"14":{"start":{"line":66,"column":4},"end":{"line":66,"column":29}},"15":{"start":{"line":70,"column":4},"end":{"line":70,"column":34}}},"branchMap":{"1":{"line":41,"type":"if","locations":[{"start":{"line":41,"column":4},"end":{"line":41,"column":4}},{"start":{"line":41,"column":4},"end":{"line":41,"column":4}}]},"2":{"line":57,"type":"if","locations":[{"start":{"line":57,"column":4},"end":{"line":57,"column":4}},{"start":{"line":57,"column":4},"end":{"line":57,"column":4}}]}}},"contracts/tokens/ExperimenDAOToken.sol":{"l":{"17":3,"18":3,"25":3,"26":3},"path":"/Users/blundin/Developer/ethereum/ExperimenDAO/Contracts/contracts/tokens/ExperimenDAOToken.sol","s":{"1":3,"2":3,"3":3,"4":3},"b":{"1":[3,0]},"f":{"1":3,"2":3},"fnMap":{"1":{"name":"constructor","line":16,"loc":{"start":{"line":16,"column":2},"end":{"line":19,"column":2}}},"2":{"name":"_beforeTokenTransfer","line":24,"loc":{"start":{"line":24,"column":2},"end":{"line":27,"column":2}}}},"statementMap":{"1":{"start":{"line":17,"column":4},"end":{"line":17,"column":38}},"2":{"start":{"line":18,"column":4},"end":{"line":18,"column":47}},"3":{"start":{"line":25,"column":4},"end":{"line":25,"column":47}},"4":{"start":{"line":26,"column":4},"end":{"line":26,"column":57}}},"branchMap":{"1":{"line":26,"type":"if","locations":[{"start":{"line":26,"column":4},"end":{"line":26,"column":4}},{"start":{"line":26,"column":4},"end":{"line":26,"column":4}}]}}}}